2024-03-11T03:14:44.332804Z 0 [Warning] [MY-010097] [Server] Insecure configuration for --secure-file-priv: Current value does not restrict location of generated files. Consider setting it to a valid, non-empty path.
2024-03-11T03:14:44.332845Z 0 [Warning] [MY-010918] [Server] 'default_authentication_plugin' is deprecated and will be removed in a future release. Please use authentication_policy instead.
2024-03-11T03:14:44.332868Z 0 [System] [MY-010116] [Server] C:\laragon\bin\mysql\mysql-8.0.30-winx64\bin\mysqld (mysqld 8.0.30) starting as process 17452
2024-03-11T03:14:44.356937Z 1 [System] [MY-013576] [InnoDB] InnoDB initialization has started.
2024-03-11T03:14:44.584810Z 1 [System] [MY-013577] [InnoDB] InnoDB initialization has ended.
2024-03-11T03:14:44.944763Z 0 [Warning] [MY-013829] [Server] Missing data directory for ICU regular expressions: C:\laragon\bin\mysql\mysql-8.0.30-winx64\lib\private\.
2024-03-11T03:14:44.948939Z 0 [Warning] [MY-010068] [Server] CA certificate ca.pem is self signed.
2024-03-11T03:14:44.949328Z 0 [System] [MY-013602] [Server] Channel mysql_main configured to support TLS. Encrypted connections are now supported for this channel.
2024-03-11T03:14:44.990123Z 0 [System] [MY-011323] [Server] X Plugin ready for connections. Bind-address: '::' port: 33060
2024-03-11T03:14:44.990200Z 0 [System] [MY-010931] [Server] C:\laragon\bin\mysql\mysql-8.0.30-winx64\bin\mysqld: ready for connections. Version: '8.0.30'  socket: ''  port: 3306  MySQL Community Server - GPL.
2024-03-11T03:17:01.027445Z 8 [System] [MY-013172] [Server] Received SHUTDOWN from user root. Shutting down mysqld (Version: 8.0.30).
2024-03-11T03:17:01.028022Z 0 [System] [MY-013105] [Server] C:\laragon\bin\mysql\mysql-8.0.30-winx64\bin\mysqld: Normal shutdown.
2024-03-11T03:17:01.428905Z 0 [System] [MY-010910] [Server] C:\laragon\bin\mysql\mysql-8.0.30-winx64\bin\mysqld: Shutdown complete (mysqld 8.0.30)  MySQL Community Server - GPL.
2024-03-11T07:32:37.205220Z 0 [Warning] [MY-010097] [Server] Insecure configuration for --secure-file-priv: Current value does not restrict location of generated files. Consider setting it to a valid, non-empty path.
2024-03-11T07:32:37.205262Z 0 [Warning] [MY-010918] [Server] 'default_authentication_plugin' is deprecated and will be removed in a future release. Please use authentication_policy instead.
2024-03-11T07:32:37.205285Z 0 [System] [MY-010116] [Server] C:\laragon\bin\mysql\mysql-8.0.30-winx64\bin\mysqld (mysqld 8.0.30) starting as process 6460
2024-03-11T07:32:37.246017Z 1 [System] [MY-013576] [InnoDB] InnoDB initialization has started.
2024-03-11T07:32:37.498162Z 1 [System] [MY-013577] [InnoDB] InnoDB initialization has ended.
2024-03-11T07:32:37.753630Z 0 [Warning] [MY-013829] [Server] Missing data directory for ICU regular expressions: C:\laragon\bin\mysql\mysql-8.0.30-winx64\lib\private\.
2024-03-11T07:32:37.769606Z 0 [Warning] [MY-010068] [Server] CA certificate ca.pem is self signed.
2024-03-11T07:32:37.769985Z 0 [System] [MY-013602] [Server] Channel mysql_main configured to support TLS. Encrypted connections are now supported for this channel.
2024-03-11T07:32:37.815846Z 0 [System] [MY-011323] [Server] X Plugin ready for connections. Bind-address: '::' port: 33060
2024-03-11T07:32:37.815922Z 0 [System] [MY-010931] [Server] C:\laragon\bin\mysql\mysql-8.0.30-winx64\bin\mysqld: ready for connections. Version: '8.0.30'  socket: ''  port: 3306  MySQL Community Server - GPL.
2024-03-11T08:20:35.938297Z 9 [System] [MY-013172] [Server] Received SHUTDOWN from user root. Shutting down mysqld (Version: 8.0.30).
2024-03-11T08:20:35.938886Z 0 [System] [MY-013105] [Server] C:\laragon\bin\mysql\mysql-8.0.30-winx64\bin\mysqld: Normal shutdown.
2024-03-11T08:20:36.434239Z 0 [System] [MY-010910] [Server] C:\laragon\bin\mysql\mysql-8.0.30-winx64\bin\mysqld: Shutdown complete (mysqld 8.0.30)  MySQL Community Server - GPL.
2024-03-12T03:13:05.704716Z 0 [Warning] [MY-010097] [Server] Insecure configuration for --secure-file-priv: Current value does not restrict location of generated files. Consider setting it to a valid, non-empty path.
2024-03-12T03:13:05.705465Z 0 [Warning] [MY-010918] [Server] 'default_authentication_plugin' is deprecated and will be removed in a future release. Please use authentication_policy instead.
2024-03-12T03:13:05.705495Z 0 [System] [MY-010116] [Server] C:\laragon\bin\mysql\mysql-8.0.30-winx64\bin\mysqld (mysqld 8.0.30) starting as process 19680
2024-03-12T03:13:05.771051Z 1 [System] [MY-013576] [InnoDB] InnoDB initialization has started.
2024-03-12T03:13:06.077814Z 1 [System] [MY-013577] [InnoDB] InnoDB initialization has ended.
2024-03-12T03:13:06.371482Z 0 [Warning] [MY-013829] [Server] Missing data directory for ICU regular expressions: C:\laragon\bin\mysql\mysql-8.0.30-winx64\lib\private\.
2024-03-12T03:13:06.405529Z 0 [Warning] [MY-010068] [Server] CA certificate ca.pem is self signed.
2024-03-12T03:13:06.405908Z 0 [System] [MY-013602] [Server] Channel mysql_main configured to support TLS. Encrypted connections are now supported for this channel.
2024-03-12T03:13:06.455272Z 0 [System] [MY-011323] [Server] X Plugin ready for connections. Bind-address: '::' port: 33060
2024-03-12T03:13:06.455358Z 0 [System] [MY-010931] [Server] C:\laragon\bin\mysql\mysql-8.0.30-winx64\bin\mysqld: ready for connections. Version: '8.0.30'  socket: ''  port: 3306  MySQL Community Server - GPL.
2024-03-12T03:14:21.590241Z 8 [System] [MY-013172] [Server] Received SHUTDOWN from user root. Shutting down mysqld (Version: 8.0.30).
2024-03-12T03:14:21.590792Z 0 [System] [MY-013105] [Server] C:\laragon\bin\mysql\mysql-8.0.30-winx64\bin\mysqld: Normal shutdown.
2024-03-12T03:14:22.154022Z 0 [System] [MY-010910] [Server] C:\laragon\bin\mysql\mysql-8.0.30-winx64\bin\mysqld: Shutdown complete (mysqld 8.0.30)  MySQL Community Server - GPL.
2024-03-12T03:14:25.401125Z 0 [Warning] [MY-010097] [Server] Insecure configuration for --secure-file-priv: Current value does not restrict location of generated files. Consider setting it to a valid, non-empty path.
2024-03-12T03:14:25.401168Z 0 [Warning] [MY-010918] [Server] 'default_authentication_plugin' is deprecated and will be removed in a future release. Please use authentication_policy instead.
2024-03-12T03:14:25.401190Z 0 [System] [MY-010116] [Server] C:\laragon\bin\mysql\mysql-8.0.30-winx64\bin\mysqld (mysqld 8.0.30) starting as process 11848
2024-03-12T03:14:25.422490Z 1 [System] [MY-013576] [InnoDB] InnoDB initialization has started.
2024-03-12T03:14:25.645599Z 1 [System] [MY-013577] [InnoDB] InnoDB initialization has ended.
2024-03-12T03:14:25.887122Z 0 [Warning] [MY-013829] [Server] Missing data directory for ICU regular expressions: C:\laragon\bin\mysql\mysql-8.0.30-winx64\lib\private\.
2024-03-12T03:14:25.891817Z 0 [Warning] [MY-010068] [Server] CA certificate ca.pem is self signed.
2024-03-12T03:14:25.892185Z 0 [System] [MY-013602] [Server] Channel mysql_main configured to support TLS. Encrypted connections are now supported for this channel.
2024-03-12T03:14:25.937013Z 0 [System] [MY-011323] [Server] X Plugin ready for connections. Bind-address: '::' port: 33060
2024-03-12T03:14:25.937076Z 0 [System] [MY-010931] [Server] C:\laragon\bin\mysql\mysql-8.0.30-winx64\bin\mysqld: ready for connections. Version: '8.0.30'  socket: ''  port: 3306  MySQL Community Server - GPL.
2024-03-12T07:04:58.734714Z 8 [System] [MY-013172] [Server] Received SHUTDOWN from user root. Shutting down mysqld (Version: 8.0.30).
2024-03-12T07:04:58.735288Z 0 [System] [MY-013105] [Server] C:\laragon\bin\mysql\mysql-8.0.30-winx64\bin\mysqld: Normal shutdown.
2024-03-12T07:04:59.168480Z 0 [System] [MY-010910] [Server] C:\laragon\bin\mysql\mysql-8.0.30-winx64\bin\mysqld: Shutdown complete (mysqld 8.0.30)  MySQL Community Server - GPL.
2024-03-12T16:17:29.443766Z 0 [Warning] [MY-010097] [Server] Insecure configuration for --secure-file-priv: Current value does not restrict location of generated files. Consider setting it to a valid, non-empty path.
2024-03-12T16:17:29.444591Z 0 [Warning] [MY-010918] [Server] 'default_authentication_plugin' is deprecated and will be removed in a future release. Please use authentication_policy instead.
2024-03-12T16:17:29.444619Z 0 [System] [MY-010116] [Server] C:\laragon\bin\mysql\mysql-8.0.30-winx64\bin\mysqld (mysqld 8.0.30) starting as process 12020
2024-03-12T16:17:29.511502Z 1 [System] [MY-013576] [InnoDB] InnoDB initialization has started.
2024-03-12T16:17:29.802043Z 1 [System] [MY-013577] [InnoDB] InnoDB initialization has ended.
2024-03-12T16:17:30.151378Z 0 [Warning] [MY-013829] [Server] Missing data directory for ICU regular expressions: C:\laragon\bin\mysql\mysql-8.0.30-winx64\lib\private\.
2024-03-12T16:17:30.187671Z 0 [Warning] [MY-010068] [Server] CA certificate ca.pem is self signed.
2024-03-12T16:17:30.188046Z 0 [System] [MY-013602] [Server] Channel mysql_main configured to support TLS. Encrypted connections are now supported for this channel.
2024-03-12T16:17:30.240213Z 0 [System] [MY-011323] [Server] X Plugin ready for connections. Bind-address: '::' port: 33060
2024-03-12T16:17:30.240298Z 0 [System] [MY-010931] [Server] C:\laragon\bin\mysql\mysql-8.0.30-winx64\bin\mysqld: ready for connections. Version: '8.0.30'  socket: ''  port: 3306  MySQL Community Server - GPL.
2024-03-13T02:59:17.993512Z 0 [Warning] [MY-010097] [Server] Insecure configuration for --secure-file-priv: Current value does not restrict location of generated files. Consider setting it to a valid, non-empty path.
2024-03-13T02:59:17.994243Z 0 [Warning] [MY-010918] [Server] 'default_authentication_plugin' is deprecated and will be removed in a future release. Please use authentication_policy instead.
2024-03-13T02:59:17.994268Z 0 [System] [MY-010116] [Server] C:\laragon\bin\mysql\mysql-8.0.30-winx64\bin\mysqld (mysqld 8.0.30) starting as process 20796
2024-03-13T02:59:18.063795Z 1 [System] [MY-013576] [InnoDB] InnoDB initialization has started.
2024-03-13T02:59:18.642650Z 1 [System] [MY-013577] [InnoDB] InnoDB initialization has ended.
2024-03-13T02:59:18.882058Z 0 [System] [MY-010229] [Server] Starting XA crash recovery...
2024-03-13T02:59:18.885398Z 0 [System] [MY-010232] [Server] XA crash recovery finished.
2024-03-13T02:59:18.919319Z 0 [Warning] [MY-013829] [Server] Missing data directory for ICU regular expressions: C:\laragon\bin\mysql\mysql-8.0.30-winx64\lib\private\.
2024-03-13T02:59:18.947117Z 0 [Warning] [MY-010068] [Server] CA certificate ca.pem is self signed.
2024-03-13T02:59:18.947503Z 0 [System] [MY-013602] [Server] Channel mysql_main configured to support TLS. Encrypted connections are now supported for this channel.
2024-03-13T02:59:18.985408Z 0 [System] [MY-011323] [Server] X Plugin ready for connections. Bind-address: '::' port: 33060
2024-03-13T02:59:18.985461Z 0 [System] [MY-010931] [Server] C:\laragon\bin\mysql\mysql-8.0.30-winx64\bin\mysqld: ready for connections. Version: '8.0.30'  socket: ''  port: 3306  MySQL Community Server - GPL.
2024-03-13T05:37:47.564489Z 8 [System] [MY-013172] [Server] Received SHUTDOWN from user root. Shutting down mysqld (Version: 8.0.30).
2024-03-13T05:37:47.565138Z 0 [System] [MY-013105] [Server] C:\laragon\bin\mysql\mysql-8.0.30-winx64\bin\mysqld: Normal shutdown.
2024-03-13T05:37:48.739653Z 0 [System] [MY-010910] [Server] C:\laragon\bin\mysql\mysql-8.0.30-winx64\bin\mysqld: Shutdown complete (mysqld 8.0.30)  MySQL Community Server - GPL.
2024-03-13T05:37:52.251435Z 0 [Warning] [MY-010097] [Server] Insecure configuration for --secure-file-priv: Current value does not restrict location of generated files. Consider setting it to a valid, non-empty path.
2024-03-13T05:37:52.251476Z 0 [Warning] [MY-010918] [Server] 'default_authentication_plugin' is deprecated and will be removed in a future release. Please use authentication_policy instead.
2024-03-13T05:37:52.251498Z 0 [System] [MY-010116] [Server] C:\laragon\bin\mysql\mysql-8.0.30-winx64\bin\mysqld (mysqld 8.0.30) starting as process 8180
2024-03-13T05:37:52.273713Z 1 [System] [MY-013576] [InnoDB] InnoDB initialization has started.
2024-03-13T05:37:52.498105Z 1 [System] [MY-013577] [InnoDB] InnoDB initialization has ended.
2024-03-13T05:37:52.776595Z 0 [Warning] [MY-013829] [Server] Missing data directory for ICU regular expressions: C:\laragon\bin\mysql\mysql-8.0.30-winx64\lib\private\.
2024-03-13T05:37:52.781304Z 0 [Warning] [MY-010068] [Server] CA certificate ca.pem is self signed.
2024-03-13T05:37:52.781679Z 0 [System] [MY-013602] [Server] Channel mysql_main configured to support TLS. Encrypted connections are now supported for this channel.
2024-03-13T05:37:52.821733Z 0 [System] [MY-011323] [Server] X Plugin ready for connections. Bind-address: '::' port: 33060
2024-03-13T05:37:52.821824Z 0 [System] [MY-010931] [Server] C:\laragon\bin\mysql\mysql-8.0.30-winx64\bin\mysqld: ready for connections. Version: '8.0.30'  socket: ''  port: 3306  MySQL Community Server - GPL.
2024-03-13T06:11:18.396537Z 8 [System] [MY-013172] [Server] Received SHUTDOWN from user root. Shutting down mysqld (Version: 8.0.30).
2024-03-13T06:11:18.397139Z 0 [System] [MY-013105] [Server] C:\laragon\bin\mysql\mysql-8.0.30-winx64\bin\mysqld: Normal shutdown.
2024-03-13T06:11:18.879377Z 0 [System] [MY-010910] [Server] C:\laragon\bin\mysql\mysql-8.0.30-winx64\bin\mysqld: Shutdown complete (mysqld 8.0.30)  MySQL Community Server - GPL.
2024-03-13T06:11:25.720147Z 0 [Warning] [MY-010097] [Server] Insecure configuration for --secure-file-priv: Current value does not restrict location of generated files. Consider setting it to a valid, non-empty path.
2024-03-13T06:11:25.720191Z 0 [Warning] [MY-010918] [Server] 'default_authentication_plugin' is deprecated and will be removed in a future release. Please use authentication_policy instead.
2024-03-13T06:11:25.720215Z 0 [System] [MY-010116] [Server] C:\laragon\bin\mysql\mysql-8.0.30-winx64\bin\mysqld (mysqld 8.0.30) starting as process 17008
2024-03-13T06:11:25.742246Z 1 [System] [MY-013576] [InnoDB] InnoDB initialization has started.
2024-03-13T06:11:25.975504Z 1 [System] [MY-013577] [InnoDB] InnoDB initialization has ended.
2024-03-13T06:11:26.213792Z 0 [Warning] [MY-013829] [Server] Missing data directory for ICU regular expressions: C:\laragon\bin\mysql\mysql-8.0.30-winx64\lib\private\.
2024-03-13T06:11:26.218096Z 0 [Warning] [MY-010068] [Server] CA certificate ca.pem is self signed.
2024-03-13T06:11:26.218466Z 0 [System] [MY-013602] [Server] Channel mysql_main configured to support TLS. Encrypted connections are now supported for this channel.
2024-03-13T06:11:26.253455Z 0 [System] [MY-011323] [Server] X Plugin ready for connections. Bind-address: '::' port: 33060
2024-03-13T06:11:26.253492Z 0 [System] [MY-010931] [Server] C:\laragon\bin\mysql\mysql-8.0.30-winx64\bin\mysqld: ready for connections. Version: '8.0.30'  socket: ''  port: 3306  MySQL Community Server - GPL.
